[14556:9416:0224/041645.680:WARNING:chrome_main_delegate.cc(742)] This is Chrome version 122.0.6261.69 (not a warning)
[14556:9416:0224/041645.788:INFO:policy_logger.cc(145)] :components\enterprise\browser\controller\chrome_browser_cloud_management_controller.cc(168) Starting CBCM Controller Initialization
[14556:9416:0224/041645.788:INFO:policy_logger.cc(145)] :components\enterprise\browser\controller\chrome_browser_cloud_management_controller.cc(196) No machine level policy manager exists.
[14556:9416:0224/041647.768:INFO:CONSOLE(54)] "DOM fully loaded 1708730207767", source: https://auth.uber.com/v2/?breeze_local_zone=dca18&next_url=https%3A%2F%2Fvsdispatch.uber.com%2F&state=2ThpW5nh1UxPafmWF0rzxG4cYN30gOnLH9IB4_ZZmeU%3D (54)
[14556:9416:0224/041647.961:INFO:CONSOLE(47)] "[GSI_LOGGER]: Your client application uses one of the Google One Tap prompt UI status methods that may stop functioning when FedCM becomes mandatory. Refer to the migration guide to update your code accordingly and opt-in to FedCM to test your changes. Learn more: https://developers.google.com/identity/gsi/web/guides/fedcm-migration?s=dc#display_moment and https://developers.google.com/identity/gsi/web/guides/fedcm-migration?s=dc#skipped_moment", source: https://accounts.google.com/gsi/client (47)
[14556:9416:0224/041648.258:INFO:CONSOLE(0)] "Third-party cookie will be blocked. Learn more in the Issues tab.", source: https://auth.uber.com/v2/?breeze_local_zone=dca18&next_url=https%3A%2F%2Fvsdispatch.uber.com%2F&state=2ThpW5nh1UxPafmWF0rzxG4cYN30gOnLH9IB4_ZZmeU%3D (0)
[14556:9416:0224/041648.318:INFO:CONSOLE(0)] "Error with Permissions-Policy header: Unrecognized feature: 'document-domain'.", source:  (0)
[14556:9416:0224/041648.364:INFO:CONSOLE(0)] "Third-party cookie will be blocked. Learn more in the Issues tab.", source: https://auth.uber.com/v2/?breeze_local_zone=dca18&next_url=https%3A%2F%2Fvsdispatch.uber.com%2F&state=2ThpW5nh1UxPafmWF0rzxG4cYN30gOnLH9IB4_ZZmeU%3D (0)
[14556:9416:0224/041648.364:INFO:CONSOLE(0)] "Third-party cookie will be blocked. Learn more in the Issues tab.", source: https://auth.uber.com/v2/?breeze_local_zone=dca18&next_url=https%3A%2F%2Fvsdispatch.uber.com%2F&state=2ThpW5nh1UxPafmWF0rzxG4cYN30gOnLH9IB4_ZZmeU%3D (0)
[14556:9416:0224/041648.524:INFO:CONSOLE(0)] "Third-party cookie will be blocked. Learn more in the Issues tab.", source: https://auth.uber.com/v2/?breeze_local_zone=dca18&next_url=https%3A%2F%2Fvsdispatch.uber.com%2F&state=2ThpW5nh1UxPafmWF0rzxG4cYN30gOnLH9IB4_ZZmeU%3D (0)
[14556:9416:0224/041649.313:WARNING:capture_device_ranking.h(255)] Can't initialize the value of media.audio_input.user_preference_ranking because media.default_audio_capture_device isn't registered or is empty
[14556:9416:0224/041649.314:WARNING:capture_device_ranking.h(255)] Can't initialize the value of media.video_input.user_preference_ranking because media.default_video_capture_Device isn't registered or is empty
[14556:9416:0224/041649.392:INFO:CONSOLE(0)] "Third-party cookie will be blocked. Learn more in the Issues tab.", source: https://auth.uber.com/v2/?breeze_local_zone=dca18&next_url=https%3A%2F%2Fvsdispatch.uber.com%2F&state=2ThpW5nh1UxPafmWF0rzxG4cYN30gOnLH9IB4_ZZmeU%3D (0)
[14556:9416:0224/041649.451:INFO:CONSOLE(0)] "Third-party cookie will be blocked. Learn more in the Issues tab.", source: https://auth.uber.com/v2/?breeze_local_zone=dca18&next_url=https%3A%2F%2Fvsdispatch.uber.com%2F&state=2ThpW5nh1UxPafmWF0rzxG4cYN30gOnLH9IB4_ZZmeU%3D (0)
[14556:9416:0224/041649.573:INFO:CONSOLE(57)] "Page loaded 1708730209572", source: https://auth.uber.com/v2/?breeze_local_zone=dca18&next_url=https%3A%2F%2Fvsdispatch.uber.com%2F&state=2ThpW5nh1UxPafmWF0rzxG4cYN30gOnLH9IB4_ZZmeU%3D (57)
[14556:9416:0224/041650.344:INFO:CONSOLE(0)] "Third-party cookie will be blocked. Learn more in the Issues tab.", source: https://auth.uber.com/v2/?breeze_local_zone=dca18&next_url=https%3A%2F%2Fvsdispatch.uber.com%2F&state=2ThpW5nh1UxPafmWF0rzxG4cYN30gOnLH9IB4_ZZmeU%3D (0)
[14556:9416:0224/041650.538:INFO:CONSOLE(0)] "Third-party cookie will be blocked. Learn more in the Issues tab.", source: https://auth.uber.com/v2/?breeze_local_zone=dca18&next_url=https%3A%2F%2Fvsdispatch.uber.com%2F&state=2ThpW5nh1UxPafmWF0rzxG4cYN30gOnLH9IB4_ZZmeU%3D (0)
[14556:9416:0224/041650.538:INFO:CONSOLE(0)] "Third-party cookie will be blocked. Learn more in the Issues tab.", source: https://auth.uber.com/v2/?breeze_local_zone=dca18&next_url=https%3A%2F%2Fvsdispatch.uber.com%2F&state=2ThpW5nh1UxPafmWF0rzxG4cYN30gOnLH9IB4_ZZmeU%3D (0)
[14556:9416:0224/041650.538:INFO:CONSOLE(0)] "Third-party cookie will be blocked. Learn more in the Issues tab.", source: https://auth.uber.com/v2/?breeze_local_zone=dca18&next_url=https%3A%2F%2Fvsdispatch.uber.com%2F&state=2ThpW5nh1UxPafmWF0rzxG4cYN30gOnLH9IB4_ZZmeU%3D (0)
[14556:9416:0224/041650.538:INFO:CONSOLE(0)] "Third-party cookie will be blocked. Learn more in the Issues tab.", source: https://auth.uber.com/v2/?breeze_local_zone=dca18&next_url=https%3A%2F%2Fvsdispatch.uber.com%2F&state=2ThpW5nh1UxPafmWF0rzxG4cYN30gOnLH9IB4_ZZmeU%3D (0)
[14556:9416:0224/041650.688:INFO:CONSOLE(0)] "Third-party cookie will be blocked. Learn more in the Issues tab.", source: https://auth.uber.com/v2/?breeze_local_zone=dca18&next_url=https%3A%2F%2Fvsdispatch.uber.com%2F&state=2ThpW5nh1UxPafmWF0rzxG4cYN30gOnLH9IB4_ZZmeU%3D (0)
[14556:9416:0224/041650.688:INFO:CONSOLE(0)] "Third-party cookie will be blocked. Learn more in the Issues tab.", source: https://auth.uber.com/v2/?breeze_local_zone=dca18&next_url=https%3A%2F%2Fvsdispatch.uber.com%2F&state=2ThpW5nh1UxPafmWF0rzxG4cYN30gOnLH9IB4_ZZmeU%3D (0)
[14556:9416:0224/041651.292:INFO:CONSOLE(0)] "Third-party cookie will be blocked. Learn more in the Issues tab.", source: https://auth.uber.com/v2/?breeze_local_zone=dca18&next_url=https%3A%2F%2Fvsdispatch.uber.com%2F&state=2ThpW5nh1UxPafmWF0rzxG4cYN30gOnLH9IB4_ZZmeU%3D (0)
[14556:9416:0224/041651.292:INFO:CONSOLE(0)] "Third-party cookie will be blocked. Learn more in the Issues tab.", source: https://auth.uber.com/v2/?breeze_local_zone=dca18&next_url=https%3A%2F%2Fvsdispatch.uber.com%2F&state=2ThpW5nh1UxPafmWF0rzxG4cYN30gOnLH9IB4_ZZmeU%3D (0)
[14556:9416:0224/041651.415:INFO:CONSOLE(0)] "Third-party cookie will be blocked. Learn more in the Issues tab.", source: https://auth.uber.com/v2/?breeze_local_zone=dca18&next_url=https%3A%2F%2Fvsdispatch.uber.com%2F&state=2ThpW5nh1UxPafmWF0rzxG4cYN30gOnLH9IB4_ZZmeU%3D (0)
[14556:9416:0224/041651.415:INFO:CONSOLE(0)] "Third-party cookie will be blocked. Learn more in the Issues tab.", source: https://auth.uber.com/v2/?breeze_local_zone=dca18&next_url=https%3A%2F%2Fvsdispatch.uber.com%2F&state=2ThpW5nh1UxPafmWF0rzxG4cYN30gOnLH9IB4_ZZmeU%3D (0)
[14556:9416:0224/041651.577:INFO:CONSOLE(0)] "Third-party cookie will be blocked. Learn more in the Issues tab.", source: https://auth.uber.com/v2/?breeze_local_zone=dca18&next_url=https%3A%2F%2Fvsdispatch.uber.com%2F&state=2ThpW5nh1UxPafmWF0rzxG4cYN30gOnLH9IB4_ZZmeU%3D (0)
[14556:9416:0224/041651.577:INFO:CONSOLE(0)] "Third-party cookie will be blocked. Learn more in the Issues tab.", source: https://auth.uber.com/v2/?breeze_local_zone=dca18&next_url=https%3A%2F%2Fvsdispatch.uber.com%2F&state=2ThpW5nh1UxPafmWF0rzxG4cYN30gOnLH9IB4_ZZmeU%3D (0)
[14556:9416:0224/041659.838:WARNING:pref_notifier_impl.cc(41)] Pref observer for media_router.cast_allow_all_ips found at shutdown.
